D:\WORK\VIRTUAL_DISK\VIRTUAL_DISK\DEBUG\VIRTUALDISK_VIEW.EXE
D:\Work\virtual_disk\virtual_disk\Debug\virtualdisk_view.exp
D:\WORK\VIRTUAL_DISK\VIRTUAL_DISK\DEBUG\VIRTUALDISK_VIEW.ILK
D:\Work\virtual_disk\virtual_disk\Debug\virtualdisk_view.lib
D:\WORK\VIRTUAL_DISK\VIRTUAL_DISK\DEBUG\VIRTUALDISK_VIEW.PDB
D:\Work\virtual_disk\virtual_disk\VirtualDiskConsole\Debug\cl.command.1.tlog
D:\Work\virtual_disk\virtual_disk\VirtualDiskConsole\Debug\CL.read.1.tlog
D:\Work\virtual_disk\virtual_disk\VirtualDiskConsole\Debug\CL.write.1.tlog
D:\Work\virtual_disk\virtual_disk\VirtualDiskConsole\Debug\link.10492.read.1.tlog
D:\Work\virtual_disk\virtual_disk\VirtualDiskConsole\Debug\link.10492.write.1.tlog
D:\Work\virtual_disk\virtual_disk\VirtualDiskConsole\Debug\link.10492-cvtres.read.1.tlog
D:\Work\virtual_disk\virtual_disk\VirtualDiskConsole\Debug\link.10492-cvtres.write.1.tlog
D:\Work\virtual_disk\virtual_disk\VirtualDiskConsole\Debug\link.256800.read.1.tlog
D:\Work\virtual_disk\virtual_disk\VirtualDiskConsole\Debug\link.256800.write.1.tlog
D:\Work\virtual_disk\virtual_disk\VirtualDiskConsole\Debug\link.256800-cvtres.read.1.tlog
D:\Work\virtual_disk\virtual_disk\VirtualDiskConsole\Debug\link.256800-cvtres.write.1.tlog
D:\Work\virtual_disk\virtual_disk\VirtualDiskConsole\Debug\link.260704.read.1.tlog
D:\Work\virtual_disk\virtual_disk\VirtualDiskConsole\Debug\link.260704.write.1.tlog
D:\Work\virtual_disk\virtual_disk\VirtualDiskConsole\Debug\link.260704-cvtres.read.1.tlog
D:\Work\virtual_disk\virtual_disk\VirtualDiskConsole\Debug\link.260704-cvtres.write.1.tlog
D:\Work\virtual_disk\virtual_disk\VirtualDiskConsole\Debug\link.269644.read.1.tlog
D:\Work\virtual_disk\virtual_disk\VirtualDiskConsole\Debug\link.269644.write.1.tlog
D:\Work\virtual_disk\virtual_disk\VirtualDiskConsole\Debug\link.269644-cvtres.read.1.tlog
D:\Work\virtual_disk\virtual_disk\VirtualDiskConsole\Debug\link.269644-cvtres.write.1.tlog
D:\Work\virtual_disk\virtual_disk\VirtualDiskConsole\Debug\link.269952.read.1.tlog
D:\Work\virtual_disk\virtual_disk\VirtualDiskConsole\Debug\link.269952.write.1.tlog
D:\Work\virtual_disk\virtual_disk\VirtualDiskConsole\Debug\link.269952-cvtres.read.1.tlog
D:\Work\virtual_disk\virtual_disk\VirtualDiskConsole\Debug\link.269952-cvtres.write.1.tlog
D:\Work\virtual_disk\virtual_disk\VirtualDiskConsole\Debug\link.270324.read.1.tlog
D:\Work\virtual_disk\virtual_disk\VirtualDiskConsole\Debug\link.270324.write.1.tlog
D:\Work\virtual_disk\virtual_disk\VirtualDiskConsole\Debug\link.270324-cvtres.read.1.tlog
D:\Work\virtual_disk\virtual_disk\VirtualDiskConsole\Debug\link.270324-cvtres.write.1.tlog
D:\Work\virtual_disk\virtual_disk\VirtualDiskConsole\Debug\link.271036.read.1.tlog
D:\Work\virtual_disk\virtual_disk\VirtualDiskConsole\Debug\link.271036.write.1.tlog
D:\Work\virtual_disk\virtual_disk\VirtualDiskConsole\Debug\link.271036-cvtres.read.1.tlog
D:\Work\virtual_disk\virtual_disk\VirtualDiskConsole\Debug\link.271036-cvtres.write.1.tlog
D:\Work\virtual_disk\virtual_disk\VirtualDiskConsole\Debug\link.271700.read.1.tlog
D:\Work\virtual_disk\virtual_disk\VirtualDiskConsole\Debug\link.271700.write.1.tlog
D:\Work\virtual_disk\virtual_disk\VirtualDiskConsole\Debug\link.271700-cvtres.read.1.tlog
D:\Work\virtual_disk\virtual_disk\VirtualDiskConsole\Debug\link.271700-cvtres.write.1.tlog
D:\Work\virtual_disk\virtual_disk\VirtualDiskConsole\Debug\link.271724.read.1.tlog
D:\Work\virtual_disk\virtual_disk\VirtualDiskConsole\Debug\link.271724.write.1.tlog
D:\Work\virtual_disk\virtual_disk\VirtualDiskConsole\Debug\link.271724-cvtres.read.1.tlog
D:\Work\virtual_disk\virtual_disk\VirtualDiskConsole\Debug\link.271724-cvtres.write.1.tlog
D:\Work\virtual_disk\virtual_disk\VirtualDiskConsole\Debug\link.272048.read.1.tlog
D:\Work\virtual_disk\virtual_disk\VirtualDiskConsole\Debug\link.272048.write.1.tlog
D:\Work\virtual_disk\virtual_disk\VirtualDiskConsole\Debug\link.272048-cvtres.read.1.tlog
D:\Work\virtual_disk\virtual_disk\VirtualDiskConsole\Debug\link.272048-cvtres.write.1.tlog
D:\Work\virtual_disk\virtual_disk\VirtualDiskConsole\Debug\link.273284.read.1.tlog
D:\Work\virtual_disk\virtual_disk\VirtualDiskConsole\Debug\link.273284.write.1.tlog
D:\Work\virtual_disk\virtual_disk\VirtualDiskConsole\Debug\link.273284-cvtres.read.1.tlog
D:\Work\virtual_disk\virtual_disk\VirtualDiskConsole\Debug\link.273284-cvtres.write.1.tlog
D:\Work\virtual_disk\virtual_disk\VirtualDiskConsole\Debug\link.34128.read.1.tlog
D:\Work\virtual_disk\virtual_disk\VirtualDiskConsole\Debug\link.34128.write.1.tlog
D:\Work\virtual_disk\virtual_disk\VirtualDiskConsole\Debug\link.34128-cvtres.read.1.tlog
D:\Work\virtual_disk\virtual_disk\VirtualDiskConsole\Debug\link.34128-cvtres.write.1.tlog
D:\Work\virtual_disk\virtual_disk\VirtualDiskConsole\Debug\link.45420.read.1.tlog
D:\Work\virtual_disk\virtual_disk\VirtualDiskConsole\Debug\link.45420.write.1.tlog
D:\Work\virtual_disk\virtual_disk\VirtualDiskConsole\Debug\link.45420-cvtres.read.1.tlog
D:\Work\virtual_disk\virtual_disk\VirtualDiskConsole\Debug\link.45420-cvtres.write.1.tlog
D:\Work\virtual_disk\virtual_disk\VirtualDiskConsole\Debug\link.50180.read.1.tlog
D:\Work\virtual_disk\virtual_disk\VirtualDiskConsole\Debug\link.50180.write.1.tlog
D:\Work\virtual_disk\virtual_disk\VirtualDiskConsole\Debug\link.50180-cvtres.read.1.tlog
D:\Work\virtual_disk\virtual_disk\VirtualDiskConsole\Debug\link.50180-cvtres.write.1.tlog
D:\Work\virtual_disk\virtual_disk\VirtualDiskConsole\Debug\link.51348.read.1.tlog
D:\Work\virtual_disk\virtual_disk\VirtualDiskConsole\Debug\link.51348.write.1.tlog
D:\Work\virtual_disk\virtual_disk\VirtualDiskConsole\Debug\link.51348-cvtres.read.1.tlog
D:\Work\virtual_disk\virtual_disk\VirtualDiskConsole\Debug\link.51348-cvtres.write.1.tlog
D:\Work\virtual_disk\virtual_disk\VirtualDiskConsole\Debug\link.command.1.tlog
D:\Work\virtual_disk\virtual_disk\VirtualDiskConsole\Debug\link.read.1.tlog
D:\Work\virtual_disk\virtual_disk\VirtualDiskConsole\Debug\link.write.1.tlog
D:\Work\virtual_disk\virtual_disk\VirtualDiskConsole\Debug\link-cvtres.read.1.tlog
D:\Work\virtual_disk\virtual_disk\VirtualDiskConsole\Debug\link-cvtres.write.1.tlog
D:\Work\virtual_disk\virtual_disk\VirtualDiskConsole\Debug\mt.command.1.tlog
D:\Work\virtual_disk\virtual_disk\VirtualDiskConsole\Debug\mt.read.1.tlog
D:\Work\virtual_disk\virtual_disk\VirtualDiskConsole\Debug\mt.write.1.tlog
D:\Work\virtual_disk\virtual_disk\VirtualDiskConsole\Debug\rc.command.1.tlog
D:\Work\virtual_disk\virtual_disk\VirtualDiskConsole\Debug\rc.read.1.tlog
D:\Work\virtual_disk\virtual_disk\VirtualDiskConsole\Debug\rc.write.1.tlog
D:\WORK\VIRTUAL_DISK\VIRTUAL_DISK\VIRTUALDISKCONSOLE\DEBUG\STDAFX.OBJ
D:\Work\virtual_disk\virtual_disk\VirtualDiskConsole\Debug\vc100.idb
D:\WORK\VIRTUAL_DISK\VIRTUAL_DISK\VIRTUALDISKCONSOLE\DEBUG\VC100.PDB
D:\WORK\VIRTUAL_DISK\VIRTUAL_DISK\VIRTUALDISKCONSOLE\DEBUG\VIRTUALDISK_VIEW.EXE.EMBED.MANIFEST
D:\WORK\VIRTUAL_DISK\VIRTUAL_DISK\VIRTUALDISKCONSOLE\DEBUG\VIRTUALDISK_VIEW.EXE.EMBED.MANIFEST.RES
D:\WORK\VIRTUAL_DISK\VIRTUAL_DISK\VIRTUALDISKCONSOLE\DEBUG\VIRTUALDISK_VIEW.EXE.INTERMEDIATE.MANIFEST
D:\WORK\VIRTUAL_DISK\VIRTUAL_DISK\VIRTUALDISKCONSOLE\DEBUG\VIRTUALDISK_VIEW.PCH
D:\Work\virtual_disk\virtual_disk\VirtualDiskConsole\Debug\virtualdisk_view.write.1.tlog
D:\Work\virtual_disk\virtual_disk\VirtualDiskConsole\Debug\virtualdisk_view_manifest.rc
D:\WORK\VIRTUAL_DISK\VIRTUAL_DISK\VIRTUALDISKCONSOLE\DEBUG\VIRTUALDISKCONSOLE.OBJ
