Build started 2014/9/15 16:46:02.
     1>Project "D:\Work\virtual_disk\virtual_disk\VirtualDiskConsole\VirtualDiskConsole.vcxproj" on node 3 (build target(s)).
     1>InitializeBuildStatus:
         Creating "Debug\virtualdisk_view.unsuccessfulbuild" because "AlwaysCreate" was specified.
       ClCompile:
         All outputs are up-to-date.
         All outputs are up-to-date.
       ManifestResourceCompile:
         All outputs are up-to-date.
       Link:
         d:\Program Files (x86)\Microsoft Visual Studio 10.0\VC\bin\link.exe /ERRORREPORT:PROMPT /OUT:"D:\Work\virtual_disk\virtual_disk\Debug\virtualdisk_view.exe" /INCREMENTAL /NOLOGO /LIBPATH:..\Debug /LIBPATH:"D:\Program Files (x86)\Visual Leak Detector\lib\Win32" virtualdisk.lib kernel32.lib user32.lib gdi32.lib winspool.lib comdlg32.lib advapi32.lib shell32.lib ole32.lib oleaut32.lib uuid.lib odbc32.lib odbccp32.lib /MANIFEST /ManifestFile:"Debug\virtualdisk_view.exe.intermediate.manifest" /MANIFESTUAC:"level='asInvoker' uiAccess='false'" /DEBUG /PDB:"D:\Work\virtual_disk\virtual_disk\Debug\virtualdisk_view.pdb" /SUBSYSTEM:CONSOLE /TLBID:1 /DYNAMICBASE /NXCOMPAT /IMPLIB:"D:\Work\virtual_disk\virtual_disk\Debug\virtualdisk_view.lib" /MACHINE:X86 Debug\virtualdisk_view.exe.embed.manifest.res
         Debug\stdafx.obj
         Debug\VirtualDiskConsole.obj
            Creating library D:\Work\virtual_disk\virtual_disk\Debug\virtualdisk_view.lib and object D:\Work\virtual_disk\virtual_disk\Debug\virtualdisk_view.exp
       Manifest:
         C:\Program Files (x86)\Microsoft SDKs\Windows\v7.0A\bin\mt.exe /nologo /verbose /out:"Debug\virtualdisk_view.exe.embed.manifest" /manifest Debug\virtualdisk_view.exe.intermediate.manifest
         All outputs are up-to-date.
       LinkEmbedManifest:
         All outputs are up-to-date.
         VirtualDiskConsole.vcxproj -> D:\Work\virtual_disk\virtual_disk\Debug\virtualdisk_view.exe
       FinalizeBuildStatus:
         Deleting file "Debug\virtualdisk_view.unsuccessfulbuild".
         Touching "Debug\virtualdisk_view.lastbuildstate".
     1>Done Building Project "D:\Work\virtual_disk\virtual_disk\VirtualDiskConsole\VirtualDiskConsole.vcxproj" (build target(s)).

Build succeeded.

Time Elapsed 00:00:00.20
