Build started 2014/9/11 9:53:08.
     1>Project "D:\Work\virtual_disk\virtual_disk\virtualdisk\virtualdisk.vcxproj" on node 2 (build target(s)).
     1>InitializeBuildStatus:
         Creating "Debug\virtualdisk.unsuccessfulbuild" because "AlwaysCreate" was specified.
       ClCompile:
         All outputs are up-to-date.
         d:\Program Files (x86)\Microsoft Visual Studio 10.0\VC\bin\CL.exe /c /ZI /nologo /W3 /WX- /Od /Oy- /D WIN32 /D _DEBUG /D _WINDOWS /D _USRDLL /D VIRTUALDISK_EXPORTS /D _WINDLL /D _MBCS /Gm /EHsc /RTC1 /MDd /GS /fp:precise /Zc:wchar_t /Zc:forScope /Yu"StdAfx.h" /Fp"Debug\virtualdisk.pch" /Fo"Debug\\" /Fd"Debug\vc100.pdb" /Gd /TP /analyze- /errorReport:prompt CVirtualDiskMng.cpp
         CVirtualDiskMng.cpp
       ManifestResourceCompile:
         All outputs are up-to-date.
       Link:
         d:\Program Files (x86)\Microsoft Visual Studio 10.0\VC\bin\link.exe /ERRORREPORT:PROMPT /OUT:"D:\Work\virtual_disk\virtual_disk\Debug\virtualdisk.dll" /INCREMENTAL /NOLOGO kernel32.lib user32.lib gdi32.lib winspool.lib comdlg32.lib advapi32.lib shell32.lib ole32.lib oleaut32.lib uuid.lib odbc32.lib odbccp32.lib /MANIFEST /ManifestFile:"Debug\virtualdisk.dll.intermediate.manifest" /MANIFESTUAC:"level='asInvoker' uiAccess='false'" /DEBUG /PDB:"D:\Work\virtual_disk\virtual_disk\Debug\virtualdisk.pdb" /SUBSYSTEM:WINDOWS /TLBID:1 /DYNAMICBASE /NXCOMPAT /IMPLIB:"D:\Work\virtual_disk\virtual_disk\Debug\virtualdisk.lib" /MACHINE:X86 /DLL Debug\virtualdisk.dll.embed.manifest.res
         Debug\CFindResult.obj
         Debug\CVirtualDisk.obj
         Debug\CVirtualDiskMng.obj
         Debug\file_dir_base.obj
         Debug\inline_func.obj
         Debug\mystring.obj
         Debug\stdafx.obj
       Manifest:
         C:\Program Files (x86)\Microsoft SDKs\Windows\v7.0A\bin\mt.exe /nologo /verbose /out:"Debug\virtualdisk.dll.embed.manifest" /manifest Debug\virtualdisk.dll.intermediate.manifest
         All outputs are up-to-date.
       LinkEmbedManifest:
         All outputs are up-to-date.
         virtualdisk.vcxproj -> D:\Work\virtual_disk\virtual_disk\Debug\virtualdisk.dll
       FinalizeBuildStatus:
         Deleting file "Debug\virtualdisk.unsuccessfulbuild".
         Touching "Debug\virtualdisk.lastbuildstate".
     1>Done Building Project "D:\Work\virtual_disk\virtual_disk\virtualdisk\virtualdisk.vcxproj" (build target(s)).

Build succeeded.

Time Elapsed 00:00:00.28
