D:\WORK\VIRTUAL_DISK\VIRTUAL_DISK\DEBUG\VIRTUALDISK.DLL
D:\Work\virtual_disk\virtual_disk\Debug\virtualdisk.exp
D:\WORK\VIRTUAL_DISK\VIRTUAL_DISK\DEBUG\VIRTUALDISK.ILK
D:\Work\virtual_disk\virtual_disk\Debug\virtualdisk.lib
D:\WORK\VIRTUAL_DISK\VIRTUAL_DISK\DEBUG\VIRTUALDISK.PDB
D:\Work\virtual_disk\virtual_disk\virtualdisk\Debug\cl.command.1.tlog
D:\Work\virtual_disk\virtual_disk\virtualdisk\Debug\CL.read.1.tlog
D:\Work\virtual_disk\virtual_disk\virtualdisk\Debug\CL.write.1.tlog
D:\WORK\VIRTUAL_DISK\VIRTUAL_DISK\VIRTUALDISK\DEBUG\COMMAND.OBJ
D:\WORK\VIRTUAL_DISK\VIRTUAL_DISK\VIRTUALDISK\DEBUG\CORDERPRO.OBJ
D:\WORK\VIRTUAL_DISK\VIRTUAL_DISK\VIRTUALDISK\DEBUG\CVIRTUALDISK.OBJ
D:\WORK\VIRTUAL_DISK\VIRTUAL_DISK\VIRTUALDISK\DEBUG\CVIRTUALDISKMNG.OBJ
D:\WORK\VIRTUAL_DISK\VIRTUAL_DISK\VIRTUALDISK\DEBUG\DLLMAIN.OBJ
D:\WORK\VIRTUAL_DISK\VIRTUAL_DISK\VIRTUALDISK\DEBUG\FILE_DIR_BASE.OBJ
D:\WORK\VIRTUAL_DISK\VIRTUAL_DISK\VIRTUALDISK\DEBUG\INLINE_FUNC.OBJ
D:\Work\virtual_disk\virtual_disk\virtualdisk\Debug\link.251732.read.1.tlog
D:\Work\virtual_disk\virtual_disk\virtualdisk\Debug\link.251732.write.1.tlog
D:\Work\virtual_disk\virtual_disk\virtualdisk\Debug\link.251732-cvtres.read.1.tlog
D:\Work\virtual_disk\virtual_disk\virtualdisk\Debug\link.251732-cvtres.write.1.tlog
D:\Work\virtual_disk\virtual_disk\virtualdisk\Debug\link.256312.read.1.tlog
D:\Work\virtual_disk\virtual_disk\virtualdisk\Debug\link.256312.write.1.tlog
D:\Work\virtual_disk\virtual_disk\virtualdisk\Debug\link.256312-cvtres.read.1.tlog
D:\Work\virtual_disk\virtual_disk\virtualdisk\Debug\link.256312-cvtres.write.1.tlog
D:\Work\virtual_disk\virtual_disk\virtualdisk\Debug\link.258112.read.1.tlog
D:\Work\virtual_disk\virtual_disk\virtualdisk\Debug\link.258112.write.1.tlog
D:\Work\virtual_disk\virtual_disk\virtualdisk\Debug\link.258112-cvtres.read.1.tlog
D:\Work\virtual_disk\virtual_disk\virtualdisk\Debug\link.258112-cvtres.write.1.tlog
D:\Work\virtual_disk\virtual_disk\virtualdisk\Debug\link.260756.read.1.tlog
D:\Work\virtual_disk\virtual_disk\virtualdisk\Debug\link.260756.write.1.tlog
D:\Work\virtual_disk\virtual_disk\virtualdisk\Debug\link.260756-cvtres.read.1.tlog
D:\Work\virtual_disk\virtual_disk\virtualdisk\Debug\link.260756-cvtres.write.1.tlog
D:\Work\virtual_disk\virtual_disk\virtualdisk\Debug\link.command.1.tlog
D:\Work\virtual_disk\virtual_disk\virtualdisk\Debug\link.read.1.tlog
D:\Work\virtual_disk\virtual_disk\virtualdisk\Debug\link.write.1.tlog
D:\Work\virtual_disk\virtual_disk\virtualdisk\Debug\link-cvtres.read.1.tlog
D:\Work\virtual_disk\virtual_disk\virtualdisk\Debug\link-cvtres.write.1.tlog
D:\Work\virtual_disk\virtual_disk\virtualdisk\Debug\mt.command.1.tlog
D:\Work\virtual_disk\virtual_disk\virtualdisk\Debug\mt.read.1.tlog
D:\Work\virtual_disk\virtual_disk\virtualdisk\Debug\mt.write.1.tlog
D:\WORK\VIRTUAL_DISK\VIRTUAL_DISK\VIRTUALDISK\DEBUG\MYSTRING.OBJ
D:\Work\virtual_disk\virtual_disk\virtualdisk\Debug\rc.command.1.tlog
D:\Work\virtual_disk\virtual_disk\virtualdisk\Debug\rc.read.1.tlog
D:\Work\virtual_disk\virtual_disk\virtualdisk\Debug\rc.write.1.tlog
D:\WORK\VIRTUAL_DISK\VIRTUAL_DISK\VIRTUALDISK\DEBUG\STDAFX.OBJ
D:\Work\virtual_disk\virtual_disk\virtualdisk\Debug\vc100.idb
D:\WORK\VIRTUAL_DISK\VIRTUAL_DISK\VIRTUALDISK\DEBUG\VC100.PDB
D:\WORK\VIRTUAL_DISK\VIRTUAL_DISK\VIRTUALDISK\DEBUG\VIRTUALDISK.DLL.EMBED.MANIFEST
D:\WORK\VIRTUAL_DISK\VIRTUAL_DISK\VIRTUALDISK\DEBUG\VIRTUALDISK.DLL.EMBED.MANIFEST.RES
D:\WORK\VIRTUAL_DISK\VIRTUAL_DISK\VIRTUALDISK\DEBUG\VIRTUALDISK.DLL.INTERMEDIATE.MANIFEST
D:\WORK\VIRTUAL_DISK\VIRTUAL_DISK\VIRTUALDISK\DEBUG\VIRTUALDISK.PCH
D:\Work\virtual_disk\virtual_disk\virtualdisk\Debug\virtualdisk.write.1.tlog
D:\Work\virtual_disk\virtual_disk\virtualdisk\Debug\virtualdisk_manifest.rc
