D:\WORK\VIRTUAL_DISK\VIRTUAL_DISK\DEBUG\VIRTUAL_DISK.EXE
D:\WORK\VIRTUAL_DISK\VIRTUAL_DISK\DEBUG\VIRTUAL_DISK.ILK
D:\WORK\VIRTUAL_DISK\VIRTUAL_DISK\DEBUG\VIRTUAL_DISK.PDB
D:\Work\virtual_disk\virtual_disk\virtual_disk\Debug\cl.command.1.tlog
D:\Work\virtual_disk\virtual_disk\virtual_disk\Debug\CL.read.1.tlog
D:\Work\virtual_disk\virtual_disk\virtual_disk\Debug\CL.write.1.tlog
D:\WORK\VIRTUAL_DISK\VIRTUAL_DISK\VIRTUAL_DISK\DEBUG\CVIRTUALDISK.OBJ
D:\WORK\VIRTUAL_DISK\VIRTUAL_DISK\VIRTUAL_DISK\DEBUG\CVIRTUALDISKMNG.OBJ
D:\WORK\VIRTUAL_DISK\VIRTUAL_DISK\VIRTUAL_DISK\DEBUG\FILE_DIR_BASE.OBJ
D:\WORK\VIRTUAL_DISK\VIRTUAL_DISK\VIRTUAL_DISK\DEBUG\INLINE_FUNC.OBJ
D:\Work\virtual_disk\virtual_disk\virtual_disk\Debug\link.256660.read.1.tlog
D:\Work\virtual_disk\virtual_disk\virtual_disk\Debug\link.256660.write.1.tlog
D:\Work\virtual_disk\virtual_disk\virtual_disk\Debug\link.256660-cvtres.read.1.tlog
D:\Work\virtual_disk\virtual_disk\virtual_disk\Debug\link.256660-cvtres.write.1.tlog
D:\Work\virtual_disk\virtual_disk\virtual_disk\Debug\link.258444.read.1.tlog
D:\Work\virtual_disk\virtual_disk\virtual_disk\Debug\link.258444.write.1.tlog
D:\Work\virtual_disk\virtual_disk\virtual_disk\Debug\link.258444-cvtres.read.1.tlog
D:\Work\virtual_disk\virtual_disk\virtual_disk\Debug\link.258444-cvtres.write.1.tlog
D:\Work\virtual_disk\virtual_disk\virtual_disk\Debug\link.command.1.tlog
D:\Work\virtual_disk\virtual_disk\virtual_disk\Debug\link.read.1.tlog
D:\Work\virtual_disk\virtual_disk\virtual_disk\Debug\link.write.1.tlog
D:\Work\virtual_disk\virtual_disk\virtual_disk\Debug\link-cvtres.read.1.tlog
D:\Work\virtual_disk\virtual_disk\virtual_disk\Debug\link-cvtres.write.1.tlog
D:\Work\virtual_disk\virtual_disk\virtual_disk\Debug\mt.command.1.tlog
D:\Work\virtual_disk\virtual_disk\virtual_disk\Debug\mt.read.1.tlog
D:\Work\virtual_disk\virtual_disk\virtual_disk\Debug\mt.write.1.tlog
D:\WORK\VIRTUAL_DISK\VIRTUAL_DISK\VIRTUAL_DISK\DEBUG\MYSTRING.OBJ
D:\Work\virtual_disk\virtual_disk\virtual_disk\Debug\rc.command.1.tlog
D:\Work\virtual_disk\virtual_disk\virtual_disk\Debug\rc.read.1.tlog
D:\Work\virtual_disk\virtual_disk\virtual_disk\Debug\rc.write.1.tlog
D:\WORK\VIRTUAL_DISK\VIRTUAL_DISK\VIRTUAL_DISK\DEBUG\STDAFX.OBJ
D:\Work\virtual_disk\virtual_disk\virtual_disk\Debug\vc100.idb
D:\WORK\VIRTUAL_DISK\VIRTUAL_DISK\VIRTUAL_DISK\DEBUG\VC100.PDB
D:\WORK\VIRTUAL_DISK\VIRTUAL_DISK\VIRTUAL_DISK\DEBUG\VIRTUAL_DISK.EXE.EMBED.MANIFEST
D:\WORK\VIRTUAL_DISK\VIRTUAL_DISK\VIRTUAL_DISK\DEBUG\VIRTUAL_DISK.EXE.EMBED.MANIFEST.RES
D:\WORK\VIRTUAL_DISK\VIRTUAL_DISK\VIRTUAL_DISK\DEBUG\VIRTUAL_DISK.EXE.INTERMEDIATE.MANIFEST
D:\WORK\VIRTUAL_DISK\VIRTUAL_DISK\VIRTUAL_DISK\DEBUG\VIRTUAL_DISK.OBJ
D:\WORK\VIRTUAL_DISK\VIRTUAL_DISK\VIRTUAL_DISK\DEBUG\VIRTUAL_DISK.PCH
D:\Work\virtual_disk\virtual_disk\virtual_disk\Debug\virtual_disk_manifest.rc
